SF:lib\screens\profile_screen.dart
DA:4,11
DA:6,2
DA:8,2
DA:9,2
DA:20,2
DA:21,2
DA:23,0
DA:27,2
DA:28,2
DA:29,2
DA:30,2
DA:32,2
DA:34,2
DA:36,2
DA:38,2
DA:47,2
DA:48,2
DA:50,2
DA:51,2
DA:52,2
DA:55,2
DA:57,2
DA:58,2
DA:70,2
DA:71,2
DA:73,2
DA:82,2
DA:84,2
DA:86,2
DA:92,2
DA:94,2
DA:95,2
DA:96,2
DA:123,2
DA:124,2
DA:126,2
DA:128,2
DA:130,2
DA:131,2
DA:133,2
DA:134,2
DA:135,2
DA:136,2
DA:151,2
DA:153,2
DA:154,2
DA:155,2
DA:180,2
DA:182,2
DA:183,2
DA:184,2
DA:185,2
DA:186,2
DA:190,2
DA:191,2
DA:192,2
DA:195,2
DA:196,2
DA:197,2
DA:206,2
DA:207,2
DA:209,2
DA:219,2
DA:221,2
DA:223,2
DA:234,2
DA:235,2
DA:236,2
DA:238,2
DA:240,2
DA:242,2
DA:252,2
DA:253,2
DA:254,2
DA:256,2
DA:258,2
DA:259,2
DA:260,2
DA:261,2
DA:264,2
DA:268,2
DA:269,2
DA:270,2
DA:274,2
DA:278,2
DA:280,2
DA:285,2
DA:295,2
DA:296,2
DA:298,2
DA:300,2
DA:302,2
DA:303,2
DA:304,2
DA:305,2
DA:321,2
DA:322,2
DA:323,2
DA:324,2
DA:326,2
DA:327,2
DA:329,2
DA:330,2
DA:335,2
DA:336,2
DA:337,2
DA:338,2
DA:340,2
DA:341,2
DA:352,2
DA:353,2
DA:355,2
DA:356,2
DA:357,2
DA:366,2
DA:368,2
DA:370,2
DA:379,2
DA:380,2
DA:382,2
DA:384,2
DA:386,2
DA:387,2
DA:388,2
DA:389,2
DA:405,2
DA:407,2
DA:415,2
DA:416,2
DA:417,2
DA:418,2
DA:424,2
DA:425,2
DA:427,2
DA:428,2
DA:436,2
DA:438,2
DA:440,2
DA:456,2
DA:457,2
DA:459,2
DA:461,2
DA:463,2
DA:464,2
DA:465,2
DA:466,2
DA:482,2
DA:484,2
DA:486,2
DA:494,2
DA:495,2
DA:496,2
DA:497,2
DA:503,2
DA:504,2
DA:506,2
DA:513,2
DA:515,2
LF:158
LH:157
end_of_record
SF:lib\screens\analysis_screen.dart
DA:6,11
DA:8,2
DA:9,2
DA:19,2
DA:21,2
DA:22,2
DA:25,2
DA:26,4
DA:27,2
DA:31,4
DA:32,0
DA:33,0
DA:34,0
DA:37,4
DA:38,4
DA:39,2
DA:44,2
DA:46,2
DA:48,2
DA:50,2
DA:65,2
DA:67,2
DA:68,2
DA:69,2
DA:71,2
DA:79,2
DA:80,2
DA:82,4
DA:83,2
DA:85,2
DA:87,2
DA:88,2
DA:89,2
DA:90,2
DA:103,2
DA:104,4
DA:105,2
DA:106,4
DA:108,1
DA:109,4
DA:110,0
DA:113,0
DA:115,0
DA:116,0
DA:117,0
DA:122,0
DA:127,0
DA:132,0
DA:138,0
DA:140,0
DA:141,0
DA:142,0
DA:143,0
DA:144,0
DA:145,0
DA:146,0
DA:147,0
DA:148,0
DA:149,0
DA:151,0
DA:152,0
DA:153,0
DA:154,0
DA:155,0
DA:156,0
DA:162,0
DA:163,0
DA:171,0
DA:172,0
DA:173,0
DA:174,0
DA:179,0
DA:180,0
DA:181,0
DA:182,0
DA:184,0
DA:196,0
DA:206,2
DA:207,2
DA:209,4
DA:210,2
DA:212,2
DA:214,2
DA:215,2
DA:216,2
DA:217,2
DA:239,2
DA:241,2
DA:243,2
DA:245,2
DA:247,4
DA:249,1
DA:250,1
DA:251,2
DA:252,1
DA:253,2
DA:254,2
DA:255,1
DA:261,1
DA:264,1
DA:267,1
DA:269,1
DA:271,1
DA:272,1
DA:273,1
DA:286,2
DA:287,2
DA:288,2
DA:289,2
DA:290,2
DA:291,2
DA:295,2
DA:296,2
DA:303,0
DA:307,2
DA:309,2
DA:319,1
DA:320,2
DA:321,1
DA:322,2
DA:323,3
DA:325,2
DA:327,2
DA:330,0
DA:332,0
DA:333,0
DA:334,0
DA:338,0
DA:339,0
DA:343,2
DA:344,3
DA:345,3
LF:132
LH:85
end_of_record
SF:lib\services\api_service.dart
DA:14,9
DA:16,5
DA:17,5
DA:18,5
DA:20,5
DA:22,0
DA:27,0
DA:28,0
DA:30,0
DA:31,0
DA:32,0
DA:34,0
DA:35,0
DA:36,0
DA:39,0
DA:40,0
DA:41,0
DA:43,0
DA:44,0
DA:45,0
DA:47,0
DA:49,0
DA:50,0
DA:52,0
DA:56,0
DA:58,0
DA:60,0
DA:61,0
DA:63,0
DA:68,1
DA:69,1
DA:70,1
DA:71,2
DA:72,2
DA:73,1
DA:74,1
DA:75,1
DA:78,2
DA:79,0
DA:81,3
DA:86,1
DA:95,1
DA:96,1
DA:97,2
DA:98,2
DA:108,1
DA:109,1
DA:110,1
DA:113,2
DA:116,3
DA:122,1
DA:124,1
DA:125,2
DA:131,2
DA:132,2
DA:134,1
DA:135,2
DA:136,1
DA:140,2
DA:141,0
DA:142,0
DA:143,0
DA:145,3
DA:147,2
DA:149,2
DA:150,0
DA:151,0
DA:154,1
DA:159,1
DA:161,1
DA:163,1
DA:165,1
DA:167,2
DA:168,2
DA:170,1
DA:171,2
DA:172,1
DA:176,2
DA:177,0
DA:178,0
DA:179,0
DA:181,3
DA:182,2
DA:184,2
DA:185,0
DA:186,0
DA:189,1
DA:194,2
DA:195,2
DA:196,2
DA:197,4
DA:198,4
DA:199,4
DA:200,2
DA:201,2
DA:202,2
DA:205,6
DA:206,4
DA:207,0
DA:209,6
DA:214,2
DA:216,2
DA:217,2
DA:218,4
DA:219,4
DA:222,4
DA:226,4
DA:227,2
DA:228,2
DA:229,2
DA:232,6
DA:233,4
DA:234,0
DA:236,0
DA:237,0
DA:239,0
DA:240,0
DA:242,0
DA:243,0
DA:244,0
DA:247,0
DA:249,6
LF:122
LH:77
end_of_record
SF:lib\services\user_manager.dart
DA:2,9
DA:3,0
DA:4,3
DA:8,6
LF:4
LH:3
end_of_record
SF:lib\screens\add_food_screen.dart
DA:11,11
DA:13,1
DA:14,1
DA:33,1
DA:35,2
DA:36,2
DA:37,2
DA:38,2
DA:39,2
DA:40,1
DA:43,1
DA:45,1
DA:46,1
DA:57,1
DA:59,0
DA:62,1
DA:63,1
DA:64,1
DA:65,1
DA:66,3
DA:68,1
DA:70,1
DA:72,1
DA:81,1
DA:82,1
DA:84,1
DA:85,1
DA:86,1
DA:88,1
DA:89,1
DA:90,1
DA:91,1
DA:92,1
DA:93,2
DA:94,1
DA:97,1
DA:99,1
DA:100,1
DA:103,1
DA:105,1
DA:106,1
DA:108,1
DA:109,2
DA:117,1
DA:118,1
DA:119,1
DA:120,2
DA:121,1
DA:124,1
DA:126,1
DA:127,1
DA:130,1
DA:132,1
DA:133,1
DA:135,1
DA:136,2
DA:150,1
DA:151,1
DA:154,1
DA:155,1
DA:156,1
DA:157,1
DA:158,1
DA:162,1
DA:163,1
DA:164,1
DA:165,1
DA:166,0
DA:167,1
DA:170,1
DA:172,1
DA:173,1
DA:188,1
DA:189,1
DA:191,1
DA:192,1
DA:195,1
DA:198,1
DA:200,1
DA:202,1
DA:207,1
DA:209,1
DA:210,1
DA:211,0
DA:212,0
DA:215,0
DA:216,0
DA:217,0
DA:218,0
DA:219,0
DA:221,0
DA:225,1
DA:226,0
DA:227,0
DA:230,0
DA:231,0
DA:232,0
DA:233,0
DA:234,0
DA:236,0
DA:246,1
DA:248,1
DA:250,1
DA:251,1
DA:252,1
DA:255,1
DA:256,1
DA:257,1
DA:259,1
DA:266,1
DA:268,1
DA:270,1
DA:279,0
DA:280,0
DA:281,0
DA:282,0
DA:285,0
DA:286,0
DA:287,0
DA:289,0
DA:290,0
DA:291,0
DA:292,0
DA:293,0
DA:295,0
DA:300,0
DA:302,0
DA:304,0
DA:310,0
DA:311,0
DA:312,0
DA:321,0
DA:324,0
DA:325,0
DA:326,0
DA:327,0
DA:328,0
DA:329,0
DA:330,0
DA:332,0
DA:333,0
DA:334,0
DA:335,0
DA:336,0
DA:339,0
DA:341,0
DA:342,0
DA:343,0
DA:358,0
DA:359,0
DA:360,0
DA:364,0
DA:365,0
DA:366,0
DA:368,0
DA:369,0
DA:370,0
DA:371,0
DA:372,0
DA:373,0
DA:379,1
DA:380,1
DA:382,1
DA:383,1
DA:384,1
DA:385,1
DA:396,1
DA:397,1
DA:399,1
DA:401,1
DA:402,1
DA:404,1
DA:406,1
DA:409,1
DA:413,1
DA:414,1
DA:415,1
DA:416,1
DA:417,1
DA:418,1
DA:422,1
DA:423,3
DA:424,2
DA:425,1
DA:426,1
DA:427,1
DA:428,2
DA:429,1
DA:432,1
DA:434,1
DA:438,1
DA:440,1
DA:441,1
DA:443,1
DA:444,1
DA:453,1
DA:462,1
DA:463,1
DA:465,1
DA:467,1
DA:468,1
DA:470,1
DA:472,1
DA:475,1
DA:479,1
DA:480,1
DA:488,1
DA:489,1
DA:490,1
DA:491,1
DA:492,1
DA:500,1
DA:501,1
DA:502,1
DA:510,1
DA:511,1
DA:512,1
DA:527,1
DA:535,1
DA:537,1
DA:538,1
DA:539,1
DA:540,1
DA:541,1
DA:545,1
DA:547,1
DA:548,1
DA:549,1
DA:550,1
DA:557,1
DA:558,1
DA:561,1
DA:564,1
DA:565,1
DA:569,1
DA:570,1
DA:578,1
DA:580,1
DA:581,1
DA:592,1
DA:593,1
DA:595,1
DA:596,1
DA:598,2
DA:599,3
DA:600,3
DA:601,3
DA:602,3
DA:603,1
DA:604,1
DA:606,1
DA:607,3
DA:613,3
DA:619,1
DA:620,2
DA:630,0
DA:633,0
DA:635,3
DA:640,1
DA:644,1
DA:645,1
LF:261
LH:193
end_of_record
SF:lib\diets\diets.dart
DA:4,1
DA:6,1
DA:7,1
DA:16,1
DA:18,1
DA:19,1
DA:22,1
DA:24,2
DA:25,1
DA:26,1
DA:28,1
DA:29,1
DA:33,1
DA:34,1
DA:39,1
DA:46,1
DA:50,1
DA:51,1
DA:56,1
DA:63,1
DA:67,1
DA:68,1
DA:73,1
DA:82,1
DA:83,1
DA:85,1
DA:86,1
DA:90,1
DA:91,1
DA:96,1
DA:103,1
DA:107,1
DA:108,1
DA:113,1
DA:120,1
DA:124,1
DA:125,1
DA:130,1
DA:135,1
DA:144,1
DA:145,1
DA:147,1
DA:148,1
DA:152,1
DA:153,1
DA:158,1
DA:165,1
DA:169,1
DA:170,1
DA:175,1
DA:182,1
DA:186,1
DA:187,1
DA:192,1
DA:197,1
DA:206,1
DA:207,1
DA:209,1
DA:210,1
DA:214,1
DA:215,1
DA:220,1
DA:225,1
DA:232,1
DA:236,1
DA:237,1
DA:242,1
DA:247,1
DA:254,1
DA:258,1
DA:259,1
DA:264,1
DA:273,1
DA:274,1
DA:276,1
DA:277,1
DA:281,1
DA:282,1
DA:287,1
DA:294,1
DA:298,1
DA:299,1
DA:304,1
DA:309,1
DA:316,1
DA:320,1
DA:321,1
DA:326,1
DA:331,1
DA:343,0
DA:344,0
DA:345,0
DA:349,0
DA:350,0
DA:351,0
DA:355,1
DA:356,4
DA:359,1
DA:360,8
DA:363,1
DA:364,2
DA:365,2
DA:366,0
DA:368,0
DA:372,1
DA:373,1
DA:374,2
DA:375,2
DA:376,3
DA:381,1
DA:383,2
DA:386,1
DA:388,1
DA:390,1
DA:392,1
DA:393,1
DA:394,1
DA:396,1
DA:398,1
DA:400,1
DA:408,1
DA:409,1
DA:410,1
DA:412,2
DA:413,1
DA:415,1
DA:417,3
DA:418,1
DA:419,4
DA:420,4
DA:421,4
DA:422,1
DA:423,0
DA:424,0
DA:425,0
DA:428,1
DA:429,1
DA:430,1
DA:431,2
DA:432,1
DA:433,1
DA:439,1
DA:442,1
DA:444,1
DA:445,1
DA:446,1
DA:450,1
DA:451,1
DA:452,2
DA:453,1
DA:470,1
DA:471,1
DA:473,2
DA:474,1
DA:476,1
DA:478,1
DA:479,1
DA:480,1
DA:481,1
DA:483,1
DA:485,1
DA:486,1
DA:487,1
DA:491,1
DA:492,1
DA:493,1
DA:495,1
DA:497,1
DA:507,1
DA:508,2
DA:515,1
DA:516,1
DA:517,1
DA:519,1
DA:521,1
DA:522,1
DA:523,1
DA:527,1
DA:528,1
DA:529,1
DA:531,1
DA:538,1
DA:549,1
DA:550,1
DA:551,1
DA:552,1
DA:554,1
DA:556,2
DA:557,1
DA:559,1
DA:561,1
DA:562,1
DA:563,1
DA:564,1
DA:581,1
DA:583,1
DA:584,2
DA:585,2
DA:586,2
DA:590,1
DA:591,1
DA:592,1
DA:605,1
DA:606,1
DA:607,1
DA:608,1
DA:610,1
DA:611,1
DA:617,1
DA:618,1
DA:619,1
DA:620,1
DA:628,1
DA:630,1
DA:631,1
DA:643,1
DA:644,1
DA:645,1
DA:647,1
DA:648,0
DA:650,0
DA:651,0
DA:653,0
DA:654,0
DA:655,0
DA:658,0
DA:661,0
DA:663,0
DA:664,0
DA:674,1
DA:675,3
DA:676,1
DA:677,1
DA:678,1
DA:680,1
DA:682,1
DA:683,1
DA:684,1
DA:685,2
DA:688,1
DA:692,1
DA:694,1
DA:696,2
DA:697,1
DA:699,1
DA:701,1
DA:702,1
DA:703,1
DA:704,1
DA:710,1
DA:711,1
DA:719,1
DA:721,1
DA:722,1
DA:723,1
DA:724,1
DA:725,1
DA:729,1
DA:741,4
DA:742,1
DA:743,1
DA:744,1
DA:746,1
DA:747,0
DA:748,1
DA:751,1
DA:752,1
DA:753,1
DA:754,1
DA:759,1
DA:764,1
DA:766,1
DA:780,1
DA:781,1
DA:783,1
DA:784,1
DA:785,1
DA:788,1
DA:790,1
DA:791,1
DA:792,1
DA:796,1
DA:803,1
DA:804,1
DA:806,1
DA:807,1
DA:809,1
DA:810,1
DA:811,1
DA:818,1
DA:819,1
DA:829,1
DA:830,1
DA:831,1
DA:832,1
LF:295
LH:273
end_of_record
SF:lib\screens\main_home_screen.dart
DA:11,30
DA:13,1
DA:14,1
DA:24,1
DA:26,1
DA:27,1
DA:30,1
DA:31,2
DA:32,1
DA:33,1
DA:39,1
DA:41,1
DA:42,2
DA:43,1
DA:54,1
DA:55,1
DA:57,0
DA:62,3
DA:63,2
DA:64,1
DA:65,0
DA:67,0
DA:69,0
DA:70,0
DA:73,0
DA:74,0
DA:75,0
DA:84,1
DA:85,1
DA:86,1
DA:87,1
DA:88,1
DA:94,1
DA:99,1
DA:101,1
DA:102,1
DA:103,2
DA:104,1
DA:139,1
DA:141,1
DA:143,1
DA:144,1
DA:145,1
DA:147,1
DA:149,1
DA:151,1
DA:153,1
DA:161,1
DA:162,1
DA:164,1
DA:165,1
DA:167,0
DA:168,0
DA:169,0
DA:173,1
DA:174,0
DA:175,0
DA:176,0
DA:177,0
DA:178,0
DA:179,0
DA:182,0
DA:183,0
DA:187,1
DA:188,11
DA:195,1
DA:197,0
DA:198,0
DA:199,0
DA:200,0
DA:209,0
DA:210,0
DA:211,0
DA:212,0
DA:213,0
DA:217,1
DA:218,1
DA:219,1
DA:221,1
DA:223,1
DA:224,1
DA:225,1
DA:226,1
DA:242,1
DA:244,1
DA:245,1
DA:246,1
DA:247,1
DA:248,1
DA:252,1
DA:253,1
DA:254,1
DA:268,1
DA:269,1
DA:270,1
DA:271,1
DA:280,1
DA:282,1
DA:284,1
DA:292,1
DA:293,1
DA:294,1
DA:296,1
DA:298,1
DA:299,1
DA:300,1
DA:301,1
DA:317,1
DA:318,1
DA:319,1
DA:320,1
DA:322,1
DA:323,1
DA:325,1
DA:326,1
DA:337,1
DA:338,1
DA:341,1
DA:343,1
DA:345,1
DA:346,1
DA:347,1
DA:356,1
DA:358,1
DA:360,1
DA:369,1
DA:370,1
DA:371,1
DA:373,1
DA:375,1
DA:376,1
DA:377,1
DA:378,1
DA:394,1
DA:400,1
DA:406,1
DA:418,1
DA:419,1
DA:421,1
DA:422,1
DA:428,1
DA:429,1
DA:431,1
DA:432,1
DA:440,1
DA:442,1
DA:444,1
DA:455,1
DA:456,2
DA:458,11
DA:459,1
DA:460,1
DA:462,1
DA:464,1
DA:465,1
DA:466,1
DA:467,1
DA:483,1
DA:484,2
DA:485,1
DA:486,2
DA:488,1
DA:489,4
DA:490,0
DA:494,0
DA:495,0
DA:496,0
DA:499,0
DA:500,0
DA:501,0
DA:502,0
DA:504,0
DA:505,0
DA:506,0
DA:508,0
DA:512,0
DA:516,0
DA:517,0
DA:518,0
DA:519,0
DA:520,0
DA:521,0
DA:522,0
DA:523,0
DA:524,0
DA:525,0
DA:527,0
DA:540,0
DA:544,0
DA:545,0
DA:546,0
DA:548,0
DA:549,0
DA:550,0
DA:551,0
DA:555,0
DA:566,0
DA:567,0
DA:568,0
DA:571,0
DA:573,0
DA:578,0
DA:579,0
DA:581,0
DA:582,0
DA:583,0
DA:584,0
DA:591,0
DA:593,0
DA:596,0
DA:597,0
DA:598,0
DA:600,0
DA:613,0
DA:615,0
DA:617,0
DA:623,0
DA:643,0
DA:652,0
DA:654,0
DA:656,0
DA:657,0
DA:658,0
DA:660,0
DA:661,0
DA:662,0
DA:664,0
DA:670,0
DA:673,0
DA:676,0
DA:679,0
DA:685,0
DA:686,0
LF:233
LH:135
end_of_record
SF:lib\screens\register_info_body_screen.dart
DA:13,2
DA:23,2
DA:24,2
DA:34,1
DA:35,3
DA:36,3
DA:37,3
DA:38,1
DA:39,3
DA:44,0
DA:45,0
DA:46,0
DA:47,0
DA:48,0
DA:49,0
DA:50,0
DA:55,0
DA:56,0
DA:58,0
DA:60,0
DA:61,0
DA:62,0
DA:63,0
DA:66,0
DA:67,0
DA:72,2
DA:79,2
DA:81,2
DA:82,2
DA:83,2
DA:84,2
DA:86,2
DA:88,2
DA:102,2
DA:103,2
DA:104,2
DA:106,2
DA:108,2
DA:111,2
DA:113,2
DA:115,2
DA:117,2
DA:137,2
DA:138,2
DA:140,2
DA:141,2
DA:143,2
DA:144,2
DA:146,2
DA:148,2
DA:169,2
DA:170,2
DA:172,2
DA:173,2
DA:175,2
DA:176,2
DA:178,2
DA:180,2
DA:201,2
DA:202,2
DA:204,2
DA:205,2
DA:207,2
DA:208,2
DA:210,2
DA:212,2
DA:221,2
DA:222,2
DA:224,2
DA:225,2
DA:226,0
DA:227,0
DA:229,2
DA:231,2
DA:232,2
DA:236,2
DA:238,2
DA:248,2
DA:249,2
DA:250,2
DA:251,2
DA:253,2
DA:254,2
LF:83
LH:65
end_of_record
SF:lib\screens\register_info_disease_screen.dart
DA:12,1
DA:22,1
DA:24,1
DA:33,1
DA:34,3
DA:35,3
DA:36,1
DA:37,3
DA:42,1
DA:43,2
DA:44,2
DA:45,2
DA:46,2
DA:47,2
DA:48,2
DA:52,2
DA:53,2
DA:54,0
DA:55,0
DA:56,0
DA:57,0
DA:60,3
DA:61,3
DA:66,1
DA:73,1
DA:75,1
DA:76,1
DA:77,1
DA:78,1
DA:80,1
DA:82,1
DA:96,1
DA:97,1
DA:98,1
DA:100,1
DA:102,1
DA:105,1
DA:107,1
DA:109,1
DA:111,1
DA:131,1
DA:132,1
DA:134,1
DA:135,1
DA:137,1
DA:138,1
DA:140,1
DA:142,1
DA:163,1
DA:164,1
DA:166,1
DA:167,1
DA:169,1
DA:170,1
DA:172,1
DA:174,1
DA:183,1
DA:184,1
DA:186,1
DA:187,1
DA:188,1
DA:189,1
DA:191,1
DA:193,1
DA:194,1
DA:198,1
DA:200,1
DA:210,1
DA:211,1
DA:212,1
DA:213,1
DA:215,1
DA:216,1
LF:73
LH:69
end_of_record
SF:lib\screens\register_info_goal_screen.dart
DA:15,1
DA:24,1
DA:25,1
DA:39,1
DA:40,2
DA:41,1
DA:43,2
DA:44,1
DA:45,1
DA:46,1
DA:47,1
DA:48,2
DA:49,2
DA:50,2
DA:51,2
DA:52,2
DA:53,2
DA:58,0
DA:59,0
DA:60,0
DA:61,0
DA:62,0
DA:63,0
DA:64,0
DA:65,0
DA:66,0
DA:67,0
DA:72,0
DA:73,0
DA:74,0
DA:75,0
DA:76,0
DA:77,0
DA:78,0
DA:79,0
DA:80,0
DA:81,0
DA:86,0
DA:87,0
DA:88,0
DA:89,0
DA:90,0
DA:91,0
DA:92,0
DA:93,0
DA:94,0
DA:95,0
DA:100,0
DA:102,0
DA:103,0
DA:104,0
DA:105,0
DA:106,0
DA:107,0
DA:108,0
DA:111,0
DA:112,0
DA:113,0
DA:114,0
DA:115,0
DA:119,0
DA:125,1
DA:131,1
DA:133,1
DA:134,1
DA:135,1
DA:136,1
DA:138,1
DA:140,1
DA:154,1
DA:155,1
DA:156,1
DA:158,1
DA:160,1
DA:163,1
DA:165,1
DA:167,1
DA:169,1
DA:187,4
DA:188,1
DA:190,1
DA:191,2
DA:192,1
DA:193,1
DA:195,1
DA:196,1
DA:197,2
DA:205,1
DA:206,2
DA:218,1
DA:220,1
DA:222,1
DA:223,0
DA:224,0
DA:226,1
DA:228,1
DA:229,1
DA:233,1
DA:235,1
DA:243,1
LF:100
LH:54
end_of_record
SF:lib\screens\register_info_muscle_screen.dart
DA:12,1
DA:22,1
DA:24,1
DA:34,1
DA:35,3
DA:36,3
DA:37,3
DA:38,1
DA:39,3
DA:44,0
DA:45,0
DA:46,0
DA:47,0
DA:48,0
DA:49,0
DA:50,0
DA:55,0
DA:56,0
DA:57,0
DA:58,0
DA:59,0
DA:60,0
DA:63,0
DA:64,0
DA:69,1
DA:76,1
DA:78,1
DA:79,1
DA:80,1
DA:81,1
DA:83,1
DA:85,1
DA:99,1
DA:100,1
DA:101,1
DA:103,1
DA:105,1
DA:108,1
DA:110,1
DA:112,1
DA:114,1
DA:134,1
DA:135,1
DA:137,1
DA:138,1
DA:140,1
DA:141,1
DA:143,1
DA:145,1
DA:166,1
DA:167,1
DA:169,1
DA:170,1
DA:172,1
DA:173,1
DA:175,1
DA:177,1
DA:198,1
DA:199,1
DA:201,1
DA:202,1
DA:204,1
DA:205,1
DA:207,1
DA:209,1
DA:218,1
DA:219,1
DA:221,1
DA:222,1
DA:223,0
DA:224,0
DA:226,1
DA:228,1
DA:229,1
DA:233,1
DA:235,1
DA:245,1
DA:246,1
DA:247,1
DA:248,1
DA:250,1
DA:251,1
LF:82
LH:65
end_of_record
SF:lib\screens\register_info_maintain_screen.dart
DA:12,1
DA:22,1
DA:24,1
DA:35,1
DA:36,3
DA:37,3
DA:38,3
DA:39,1
DA:40,3
DA:45,0
DA:46,0
DA:47,0
DA:48,0
DA:49,0
DA:50,0
DA:51,0
DA:56,0
DA:57,0
DA:58,0
DA:59,0
DA:60,0
DA:61,0
DA:64,0
DA:65,0
DA:70,1
DA:77,1
DA:79,1
DA:80,1
DA:81,1
DA:82,1
DA:84,1
DA:86,1
DA:100,1
DA:101,1
DA:102,1
DA:104,1
DA:106,1
DA:109,1
DA:111,1
DA:113,1
DA:115,1
DA:135,1
DA:136,1
DA:138,1
DA:139,1
DA:141,1
DA:142,1
DA:144,1
DA:146,1
DA:167,1
DA:168,1
DA:170,1
DA:171,1
DA:173,1
DA:174,1
DA:176,1
DA:178,1
DA:199,1
DA:200,1
DA:202,1
DA:203,1
DA:205,1
DA:206,1
DA:208,1
DA:210,1
DA:219,1
DA:220,1
DA:222,1
DA:223,1
DA:224,0
DA:225,0
DA:227,1
DA:229,1
DA:230,1
DA:234,1
DA:236,1
DA:246,1
DA:247,1
DA:248,1
DA:249,1
DA:251,1
DA:252,1
LF:82
LH:65
end_of_record
SF:lib\screens\register_info_name_screen.dart
DA:6,1
DA:8,1
DA:9,1
DA:15,1
DA:22,1
DA:24,1
DA:25,1
DA:26,1
DA:27,1
DA:29,1
DA:31,1
DA:45,1
DA:46,1
DA:47,1
DA:49,1
DA:51,1
DA:54,1
DA:56,1
DA:58,1
DA:60,1
DA:78,1
DA:79,1
DA:81,1
DA:82,1
DA:84,1
DA:85,1
DA:87,1
DA:89,1
DA:98,1
DA:99,1
DA:101,1
DA:102,1
DA:103,1
DA:104,1
DA:106,1
DA:108,1
DA:109,1
DA:113,1
DA:115,1
DA:125,1
DA:126,1
DA:127,1
DA:128,3
DA:129,1
DA:130,2
DA:135,1
DA:137,1
DA:138,2
DA:139,2
DA:145,1
DA:147,1
DA:148,1
LF:52
LH:52
end_of_record
SF:lib\screens\register_info_profile_screen.dart
DA:7,2
DA:10,2
DA:12,2
DA:20,2
DA:27,2
DA:29,2
DA:30,2
DA:31,2
DA:32,2
DA:34,2
DA:36,2
DA:50,2
DA:51,2
DA:52,2
DA:54,2
DA:56,2
DA:59,2
DA:61,2
DA:63,2
DA:65,2
DA:82,2
DA:83,2
DA:84,2
DA:86,2
DA:87,0
DA:88,0
DA:89,0
DA:104,2
DA:105,2
DA:106,2
DA:108,2
DA:109,0
DA:110,0
DA:111,0
DA:137,2
DA:138,2
DA:140,2
DA:141,2
DA:143,2
DA:144,2
DA:146,2
DA:148,2
DA:166,2
DA:167,2
DA:169,2
DA:170,2
DA:172,2
DA:173,2
DA:175,2
DA:177,2
DA:186,2
DA:187,2
DA:189,2
DA:190,2
DA:191,0
DA:192,0
DA:194,2
DA:196,2
DA:197,2
DA:201,2
DA:203,2
DA:213,2
DA:214,2
DA:215,1
DA:216,1
DA:217,2
DA:222,0
DA:223,0
DA:224,0
DA:225,0
DA:230,0
DA:231,0
DA:232,0
DA:238,0
DA:240,0
DA:241,0
DA:242,0
DA:243,0
DA:244,0
DA:251,2
DA:253,2
DA:254,2
LF:82
LH:61
end_of_record
SF:lib\screens\register_screen.dart
DA:7,1
DA:9,1
DA:10,1
DA:21,1
DA:22,2
DA:23,1
DA:25,3
DA:26,3
DA:29,2
DA:30,2
DA:31,1
DA:34,2
DA:36,0
DA:38,0
DA:39,0
DA:40,0
DA:41,0
DA:48,1
DA:49,1
DA:50,2
DA:52,2
DA:53,1
DA:54,1
DA:55,0
DA:64,1
DA:70,1
DA:72,1
DA:73,1
DA:74,1
DA:75,1
DA:77,1
DA:79,1
DA:113,1
DA:114,1
DA:116,1
DA:117,1
DA:119,1
DA:120,1
DA:121,1
DA:122,1
DA:124,1
DA:133,1
DA:134,1
DA:136,1
DA:137,1
DA:139,1
DA:140,1
DA:142,1
DA:143,1
DA:145,1
DA:154,1
DA:156,1
DA:157,2
DA:158,1
DA:160,1
DA:161,1
DA:165,1
DA:183,1
DA:184,1
DA:185,1
DA:186,1
DA:191,1
DA:193,1
DA:195,1
DA:201,1
DA:202,1
DA:211,1
DA:213,1
DA:214,1
DA:215,1
DA:217,1
DA:219,1
DA:220,1
DA:224,1
DA:226,1
DA:236,1
DA:239,1
LF:77
LH:71
end_of_record
